CRITICAL - 2023-08-26 04:31:42 --> Invalid file: "front/registro.php"
in SYSTEMPATH\Exceptions\FrameworkException.php on line 33.
 1 SYSTEMPATH\View\View.php(212): CodeIgniter\Exceptions\FrameworkException::forInvalidFile('front/registro.php')
 2 SYSTEMPATH\Common.php(1176): CodeIgniter\View\View->render('front/registro', [], true)
 3 APPPATH\Controllers\Home.php(36): view('front/registro')
 4 SYSTEMPATH\CodeIgniter.php(932): App\Controllers\Home->registro()
 5 SYSTEMPATH\CodeIgniter.php(497): CodeIgniter\CodeIgniter->runController(Object(App\Controllers\Home))
 6 SYSTEMPATH\CodeIgniter.php(366): CodeIgniter\CodeIgniter->handleRequest(null, Object(Config\Cache), false)
 7 FCPATH\index.php(67): CodeIgniter\CodeIgniter->run()
CRITICAL - 2023-08-26 04:37:05 --> Invalid file: "front/registro.php"
in SYSTEMPATH\Exceptions\FrameworkException.php on line 33.
 1 SYSTEMPATH\View\View.php(212): CodeIgniter\Exceptions\FrameworkException::forInvalidFile('front/registro.php')
 2 SYSTEMPATH\Common.php(1176): CodeIgniter\View\View->render('front/registro', [], true)
 3 APPPATH\Controllers\Home.php(36): view('front/registro')
 4 SYSTEMPATH\CodeIgniter.php(932): App\Controllers\Home->registro()
 5 SYSTEMPATH\CodeIgniter.php(497): CodeIgniter\CodeIgniter->runController(Object(App\Controllers\Home))
 6 SYSTEMPATH\CodeIgniter.php(366): CodeIgniter\CodeIgniter->handleRequest(null, Object(Config\Cache), false)
 7 FCPATH\index.php(67): CodeIgniter\CodeIgniter->run()
CRITICAL - 2023-08-26 04:37:15 --> Invalid file: "front/registro.php"
in SYSTEMPATH\Exceptions\FrameworkException.php on line 33.
 1 SYSTEMPATH\View\View.php(212): CodeIgniter\Exceptions\FrameworkException::forInvalidFile('front/registro.php')
 2 SYSTEMPATH\Common.php(1176): CodeIgniter\View\View->render('front/registro', [], true)
 3 APPPATH\Controllers\Home.php(36): view('front/registro')
 4 SYSTEMPATH\CodeIgniter.php(932): App\Controllers\Home->registro()
 5 SYSTEMPATH\CodeIgniter.php(497): CodeIgniter\CodeIgniter->runController(Object(App\Controllers\Home))
 6 SYSTEMPATH\CodeIgniter.php(366): CodeIgniter\CodeIgniter->handleRequest(null, Object(Config\Cache), false)
 7 FCPATH\index.php(67): CodeIgniter\CodeIgniter->run()
CRITICAL - 2023-08-26 04:38:04 --> Invalid file: "front/registro.php"
in SYSTEMPATH\Exceptions\FrameworkException.php on line 33.
 1 SYSTEMPATH\View\View.php(212): CodeIgniter\Exceptions\FrameworkException::forInvalidFile('front/registro.php')
 2 SYSTEMPATH\Common.php(1176): CodeIgniter\View\View->render('front/registro', [], true)
 3 APPPATH\Controllers\Home.php(36): view('front/registro')
 4 SYSTEMPATH\CodeIgniter.php(932): App\Controllers\Home->registro()
 5 SYSTEMPATH\CodeIgniter.php(497): CodeIgniter\CodeIgniter->runController(Object(App\Controllers\Home))
 6 SYSTEMPATH\CodeIgniter.php(366): CodeIgniter\CodeIgniter->handleRequest(null, Object(Config\Cache), false)
 7 FCPATH\index.php(67): CodeIgniter\CodeIgniter->run()
CRITICAL - 2023-08-26 04:39:03 --> Invalid file: "front/registro.php"
in SYSTEMPATH\Exceptions\FrameworkException.php on line 33.
 1 SYSTEMPATH\View\View.php(212): CodeIgniter\Exceptions\FrameworkException::forInvalidFile('front/registro.php')
 2 SYSTEMPATH\Common.php(1176): CodeIgniter\View\View->render('front/registro', [], true)
 3 APPPATH\Controllers\Home.php(36): view('front/registro')
 4 SYSTEMPATH\CodeIgniter.php(932): App\Controllers\Home->registro()
 5 SYSTEMPATH\CodeIgniter.php(497): CodeIgniter\CodeIgniter->runController(Object(App\Controllers\Home))
 6 SYSTEMPATH\CodeIgniter.php(366): CodeIgniter\CodeIgniter->handleRequest(null, Object(Config\Cache), false)
 7 FCPATH\index.php(67): CodeIgniter\CodeIgniter->run()
CRITICAL - 2023-08-26 04:39:06 --> Invalid file: "front/registro.php"
in SYSTEMPATH\Exceptions\FrameworkException.php on line 33.
 1 SYSTEMPATH\View\View.php(212): CodeIgniter\Exceptions\FrameworkException::forInvalidFile('front/registro.php')
 2 SYSTEMPATH\Common.php(1176): CodeIgniter\View\View->render('front/registro', [], true)
 3 APPPATH\Controllers\Home.php(36): view('front/registro')
 4 SYSTEMPATH\CodeIgniter.php(932): App\Controllers\Home->registro()
 5 SYSTEMPATH\CodeIgniter.php(497): CodeIgniter\CodeIgniter->runController(Object(App\Controllers\Home))
 6 SYSTEMPATH\CodeIgniter.php(366): CodeIgniter\CodeIgniter->handleRequest(null, Object(Config\Cache), false)
 7 FCPATH\index.php(67): CodeIgniter\CodeIgniter->run()
CRITICAL - 2023-08-26 04:42:40 --> Invalid file: "front/registro.php"
in SYSTEMPATH\Exceptions\FrameworkException.php on line 33.
 1 SYSTEMPATH\View\View.php(212): CodeIgniter\Exceptions\FrameworkException::forInvalidFile('front/registro.php')
 2 SYSTEMPATH\Common.php(1176): CodeIgniter\View\View->render('front/registro', [], true)
 3 APPPATH\Controllers\Home.php(36): view('front/registro')
 4 SYSTEMPATH\CodeIgniter.php(932): App\Controllers\Home->registro()
 5 SYSTEMPATH\CodeIgniter.php(497): CodeIgniter\CodeIgniter->runController(Object(App\Controllers\Home))
 6 SYSTEMPATH\CodeIgniter.php(366): CodeIgniter\CodeIgniter->handleRequest(null, Object(Config\Cache), false)
 7 FCPATH\index.php(67): CodeIgniter\CodeIgniter->run()
CRITICAL - 2023-08-26 04:49:39 --> Invalid file: "front/registro.php"
in SYSTEMPATH\Exceptions\FrameworkException.php on line 33.
 1 SYSTEMPATH\View\View.php(212): CodeIgniter\Exceptions\FrameworkException::forInvalidFile('front/registro.php')
 2 SYSTEMPATH\Common.php(1176): CodeIgniter\View\View->render('front/registro', [], true)
 3 APPPATH\Controllers\Home.php(36): view('front/registro')
 4 SYSTEMPATH\CodeIgniter.php(932): App\Controllers\Home->registro()
 5 SYSTEMPATH\CodeIgniter.php(497): CodeIgniter\CodeIgniter->runController(Object(App\Controllers\Home))
 6 SYSTEMPATH\CodeIgniter.php(366): CodeIgniter\CodeIgniter->handleRequest(null, Object(Config\Cache), false)
 7 FCPATH\index.php(67): CodeIgniter\CodeIgniter->run()
